<?xml version="1.0" encoding="UTF-8"?>
<!-- Generated by org.testng.reporters.JUnitXMLReporter -->
<testsuite hostname="DESKTOP-EIGFGRH" name="Test2" tests="3" failures="0" timestamp="25 Feb 2022 18:01:09 GMT" time="62.502" errors="0">
  <testcase name="addition" time="13.881" classname="qedge.feb22.SecondTestNGClass"/>
  <testcase name="division" time="10.866" classname="qedge.feb22.SecondTestNGClass"/>
  <testcase name="multiplication" time="12.808" classname="qedge.feb22.SecondTestNGClass"/>
</testsuite> <!-- Test2 -->
