<?xml version="1.0" encoding="UTF-8"?>
<!-- Generated by org.testng.reporters.JUnitReportReporter -->
<testsuite skipped="0" hostname="DESKTOP-EIGFGRH" name="qedge.feb22.ThirdTestNGClass" tests="5" failures="0" timestamp="25 Feb 2022 18:01:29 GMT" time="82.220" errors="0">
  <testcase name="login" time="11.408" classname="qedge.feb22.ThirdTestNGClass"/>
  <testcase name="login" time="13.324" classname="qedge.feb22.ThirdTestNGClass"/>
  <testcase name="login" time="14.335" classname="qedge.feb22.ThirdTestNGClass"/>
  <testcase name="login" time="27.276" classname="qedge.feb22.ThirdTestNGClass"/>
  <testcase name="login" time="15.877" classname="qedge.feb22.ThirdTestNGClass"/>
</testsuite> <!-- qedge.feb22.ThirdTestNGClass -->
